[2025-06-13 08:30:20] Script started
[2025-06-13 08:30:20] Request Method: GET
[2025-06-13 08:30:20] Request URI: /StazSys/consult.php?sensor_summary=Test
[2025-06-13 08:30:20] Query String: sensor_summary=Test
[2025-06-13 08:30:20] Raw Input: 
[2025-06-13 08:30:20] GET Data: Array
(
    [sensor_summary] => Test
)

[2025-06-13 08:30:20] POST Data: Array
(
)

[2025-06-13 08:30:20] Processing request with sensor data
[2025-06-13 08:30:20] Raw sensor summary:
Test
[2025-06-13 08:30:20] Failed to extract SpO2 level. Raw summary: Test
[2025-06-13 08:30:20] All extracted values:
Temperature: 0
ECG Rate: 0
Pulse Rate: 0
SpO2 Level: 0
Blood Pressure: 
[2025-06-13 08:30:20] Validated values:
Temperature: 0
ECG Rate: 0
Pulse Rate: 0
SpO2 Level: 0
Blood Pressure: 
[2025-06-13 08:30:20] Sending request to Cohere API
[2025-06-13 08:30:28] SQL Parameters:
UID: 
Name: 
Temperature: 0
ECG Rate: 0
Pulse Rate: 0
SpO2 Level: 0
Blood Pressure: 
Diagnosis length: 3137
[2025-06-13 08:30:28] Successfully stored AI result and sensor values to health_readings table for UID: 
[2025-06-13 08:30:28] ===== Script Ended =====
[2025-06-13 08:30:28] AI responses received, preparing to send email
[2025-06-13 08:30:28] Email sending failed: Invalid address:  (to): 
[2025-06-13 08:30:28] Successfully stored AI result and sensor values to health_readings table for UID: 
[2025-06-13 08:30:53] Script started
[2025-06-13 08:30:53] Request Method: GET
[2025-06-13 08:30:53] Request URI: /StazSys/consult.php?sensor_summary=Temp%250A31.80%2520%25C2%25B0C%250AECG%250A105.00%250APulse%250A62%2520BPM%250ASpO%25E2%2582%2582%250A96.00%2520%2525%250ABP%250A124%252F83%2520mmHg
[2025-06-13 08:30:53] Query String: sensor_summary=Temp%250A31.80%2520%25C2%25B0C%250AECG%250A105.00%250APulse%250A62%2520BPM%250ASpO%25E2%2582%2582%250A96.00%2520%2525%250ABP%250A124%252F83%2520mmHg
[2025-06-13 08:30:53] Raw Input: 
[2025-06-13 08:30:53] GET Data: Array
(
    [sensor_summary] => Temp%0A31.80%20%C2%B0C%0AECG%0A105.00%0APulse%0A62%20BPM%0ASpO%E2%82%82%0A96.00%20%25%0ABP%0A124%2F83%20mmHg
)

[2025-06-13 08:30:53] POST Data: Array
(
)

[2025-06-13 08:30:53] Processing request with sensor data
[2025-06-13 08:30:53] Raw sensor summary:
Temp%0A31.80%20%C2%B0C%0AECG%0A105.00%0APulse%0A62%20BPM%0ASpO%E2%82%82%0A96.00%20%25%0ABP%0A124%2F83%20mmHg
[2025-06-13 08:30:53] Failed to extract SpO2 level. Raw summary: Temp%0A31.80%20%C2%B0C%0AECG%0A105.00%0APulse%0A62%20BPM%0ASpO%E2%82%82%0A96.00%20%25%0ABP%0A124%2F83%20mmHg
[2025-06-13 08:30:53] All extracted values:
Temperature: 0
ECG Rate: 0
Pulse Rate: 0
SpO2 Level: 0
Blood Pressure: 
[2025-06-13 08:30:53] Validated values:
Temperature: 0
ECG Rate: 0
Pulse Rate: 0
SpO2 Level: 0
Blood Pressure: 
[2025-06-13 08:30:53] Sending request to Cohere API
[2025-06-13 08:31:01] SQL Parameters:
UID: 
Name: 
Temperature: 0
ECG Rate: 0
Pulse Rate: 0
SpO2 Level: 0
Blood Pressure: 
Diagnosis length: 2933
[2025-06-13 08:31:01] Successfully stored AI result and sensor values to health_readings table for UID: 
[2025-06-13 08:31:01] ===== Script Ended =====
[2025-06-13 08:31:01] AI responses received, preparing to send email
[2025-06-13 08:31:01] Email sending failed: Invalid address:  (to): 
[2025-06-13 08:31:01] Successfully stored AI result and sensor values to health_readings table for UID: 
[2025-06-13 08:34:57] Script started
[2025-06-13 08:34:57] Request Method: GET
[2025-06-13 08:34:57] Request URI: /StazSys/consult.php?sensor_summary=Temp%253A%252035.40%2520%25C2%25B0C%250AECG%253A%252073.00%250APulse%253A%252086%2520BPM%250ASpO%25E2%2582%2582%253A%252095.00%2520%2525%250ABP%253A%2520124%252F83%2520mmHg
[2025-06-13 08:34:57] Query String: sensor_summary=Temp%253A%252035.40%2520%25C2%25B0C%250AECG%253A%252073.00%250APulse%253A%252086%2520BPM%250ASpO%25E2%2582%2582%253A%252095.00%2520%2525%250ABP%253A%2520124%252F83%2520mmHg
[2025-06-13 08:34:57] Raw Input: 
[2025-06-13 08:34:57] GET Data: Array
(
    [sensor_summary] => Temp%3A%2035.40%20%C2%B0C%0AECG%3A%2073.00%0APulse%3A%2086%20BPM%0ASpO%E2%82%82%3A%2095.00%20%25%0ABP%3A%20124%2F83%20mmHg
)

[2025-06-13 08:34:57] POST Data: Array
(
)

[2025-06-13 08:34:57] Received GET request with sensor_summary
[2025-06-13 08:34:57] Decoded summary: Temp: 35.40 °C
ECG: 73.00
Pulse: 86 BPM
SpO₂: 95.00 %
BP: 124/83 mmHg
[2025-06-13 08:34:57] Successfully processed GET request
[2025-06-13 08:34:57] Processing sensor summary:
Temp: 35.40 °C
ECG: 73.00
Pulse: 86 BPM
SpO₂: 95.00 %
BP: 124/83 mmHg
[2025-06-13 08:34:57] Extracted temperature: 35.4
[2025-06-13 08:34:57] Extracted ECG rate: 73
[2025-06-13 08:34:57] Extracted pulse rate: 86
[2025-06-13 08:34:57] Extracted blood pressure: 124/83
[2025-06-13 08:34:57] Error: Failed to extract all vital signs
